
Gurobi 12.0.1 (linux64, C++) logging started Thu Mar 20 13:37:12 2025

Set parameter WLSAccessID
Set parameter WLSSecret
Set parameter LicenseID to value 2623509
Set parameter LogFile to value "Thm3Model.log"
Academic license 2623509 - for non-commercial use only - registered to ky___@gmail.com
Set parameter OutputFlag to value 1
Gurobi Optimizer version 12.0.1 build v12.0.1rc0 (linux64 - "Ubuntu 20.04.6 LTS")

CPU model: AMD Ryzen 5 PRO 5675U with Radeon Graphics, instruction set [SSE2|AVX|AVX2]
Thread count: 6 physical cores, 12 logical processors, using up to 12 threads

Academic license 2623509 - for non-commercial use only - registered to ky___@gmail.com
Optimize a model with 26 rows, 847 columns and 3990 nonzeros
Model fingerprint: 0x1aab3e6f
Variable types: 0 continuous, 847 integer (847 binary)
Coefficient statistics:
  Matrix range     [1e+00, 1e+00]
  Objective range  [0e+00, 0e+00]
  Bounds range     [1e+00, 1e+00]
  RHS range        [1e+00, 2e+01]
Presolve time: 0.01s

Explored 0 nodes (0 simplex iterations) in 0.01 seconds (0.00 work units)
Thread count was 1 (of 12 available processors)

Solution count 0

Model is infeasible
Best objective -, best bound -, gap -

Gurobi 12.0.1 (linux64, C++) logging started Thu Mar 20 13:37:30 2025

Set parameter WLSAccessID
Set parameter WLSSecret
Set parameter LicenseID to value 2623509
Set parameter LogFile to value "Thm3Model.log"
Academic license 2623509 - for non-commercial use only - registered to ky___@gmail.com
Set parameter OutputFlag to value 1
Gurobi Optimizer version 12.0.1 build v12.0.1rc0 (linux64 - "Ubuntu 20.04.6 LTS")

CPU model: AMD Ryzen 5 PRO 5675U with Radeon Graphics, instruction set [SSE2|AVX|AVX2]
Thread count: 6 physical cores, 12 logical processors, using up to 12 threads

Academic license 2623509 - for non-commercial use only - registered to ky___@gmail.com
Optimize a model with 26 rows, 847 columns and 3990 nonzeros
Model fingerprint: 0x1aab3e6f
Variable types: 0 continuous, 847 integer (847 binary)
Coefficient statistics:
  Matrix range     [1e+00, 1e+00]
  Objective range  [0e+00, 0e+00]
  Bounds range     [1e+00, 1e+00]
  RHS range        [1e+00, 2e+01]
Presolve time: 0.00s

Explored 0 nodes (0 simplex iterations) in 0.00 seconds (0.00 work units)
Thread count was 1 (of 12 available processors)

Solution count 0

Model is infeasible
Best objective -, best bound -, gap -

Gurobi 12.0.1 (linux64, C++) logging started Thu Mar 20 13:37:48 2025

Set parameter WLSAccessID
Set parameter WLSSecret
Set parameter LicenseID to value 2623509
Set parameter LogFile to value "Thm3Model.log"
Academic license 2623509 - for non-commercial use only - registered to ky___@gmail.com
Set parameter OutputFlag to value 1
Gurobi Optimizer version 12.0.1 build v12.0.1rc0 (linux64 - "Ubuntu 20.04.6 LTS")

CPU model: AMD Ryzen 5 PRO 5675U with Radeon Graphics, instruction set [SSE2|AVX|AVX2]
Thread count: 6 physical cores, 12 logical processors, using up to 12 threads

Academic license 2623509 - for non-commercial use only - registered to ky___@gmail.com
Optimize a model with 26 rows, 847 columns and 3990 nonzeros
Model fingerprint: 0x1aab3e6f
Variable types: 0 continuous, 847 integer (847 binary)
Coefficient statistics:
  Matrix range     [1e+00, 1e+00]
  Objective range  [0e+00, 0e+00]
  Bounds range     [1e+00, 1e+00]
  RHS range        [1e+00, 2e+01]
Presolve time: 0.00s

Explored 0 nodes (0 simplex iterations) in 0.01 seconds (0.00 work units)
Thread count was 1 (of 12 available processors)

Solution count 0

Model is infeasible
Best objective -, best bound -, gap -

Gurobi 12.0.1 (linux64, C++) logging started Thu Mar 20 13:38:06 2025

Set parameter WLSAccessID
Set parameter WLSSecret
Set parameter LicenseID to value 2623509
Set parameter LogFile to value "Thm3Model.log"
Academic license 2623509 - for non-commercial use only - registered to ky___@gmail.com
Set parameter OutputFlag to value 1
Gurobi Optimizer version 12.0.1 build v12.0.1rc0 (linux64 - "Ubuntu 20.04.6 LTS")

CPU model: AMD Ryzen 5 PRO 5675U with Radeon Graphics, instruction set [SSE2|AVX|AVX2]
Thread count: 6 physical cores, 12 logical processors, using up to 12 threads

Academic license 2623509 - for non-commercial use only - registered to ky___@gmail.com
Optimize a model with 26 rows, 847 columns and 3990 nonzeros
Model fingerprint: 0x1aab3e6f
Variable types: 0 continuous, 847 integer (847 binary)
Coefficient statistics:
  Matrix range     [1e+00, 1e+00]
  Objective range  [0e+00, 0e+00]
  Bounds range     [1e+00, 1e+00]
  RHS range        [1e+00, 2e+01]
Presolve time: 0.00s

Explored 0 nodes (0 simplex iterations) in 0.00 seconds (0.00 work units)
Thread count was 1 (of 12 available processors)

Solution count 0

Model is infeasible
Best objective -, best bound -, gap -

Gurobi 12.0.1 (linux64, C++) logging started Thu Mar 20 13:38:24 2025

Set parameter WLSAccessID
Set parameter WLSSecret
Set parameter LicenseID to value 2623509
Set parameter LogFile to value "Thm3Model.log"
Academic license 2623509 - for non-commercial use only - registered to ky___@gmail.com
Set parameter OutputFlag to value 1
Gurobi Optimizer version 12.0.1 build v12.0.1rc0 (linux64 - "Ubuntu 20.04.6 LTS")

CPU model: AMD Ryzen 5 PRO 5675U with Radeon Graphics, instruction set [SSE2|AVX|AVX2]
Thread count: 6 physical cores, 12 logical processors, using up to 12 threads

Academic license 2623509 - for non-commercial use only - registered to ky___@gmail.com
Optimize a model with 26 rows, 847 columns and 3990 nonzeros
Model fingerprint: 0x1aab3e6f
Variable types: 0 continuous, 847 integer (847 binary)
Coefficient statistics:
  Matrix range     [1e+00, 1e+00]
  Objective range  [0e+00, 0e+00]
  Bounds range     [1e+00, 1e+00]
  RHS range        [1e+00, 2e+01]
Presolve time: 0.00s

Explored 0 nodes (0 simplex iterations) in 0.00 seconds (0.00 work units)
Thread count was 1 (of 12 available processors)

Solution count 0

Model is infeasible
Best objective -, best bound -, gap -

Gurobi 12.0.1 (linux64, C++) logging started Thu Mar 20 13:38:41 2025

Set parameter WLSAccessID
Set parameter WLSSecret
Set parameter LicenseID to value 2623509
Set parameter LogFile to value "Thm3Model.log"
Academic license 2623509 - for non-commercial use only - registered to ky___@gmail.com
Set parameter OutputFlag to value 1
Gurobi Optimizer version 12.0.1 build v12.0.1rc0 (linux64 - "Ubuntu 20.04.6 LTS")

CPU model: AMD Ryzen 5 PRO 5675U with Radeon Graphics, instruction set [SSE2|AVX|AVX2]
Thread count: 6 physical cores, 12 logical processors, using up to 12 threads

Academic license 2623509 - for non-commercial use only - registered to ky___@gmail.com
Optimize a model with 26 rows, 847 columns and 3990 nonzeros
Model fingerprint: 0x1aab3e6f
Variable types: 0 continuous, 847 integer (847 binary)
Coefficient statistics:
  Matrix range     [1e+00, 1e+00]
  Objective range  [0e+00, 0e+00]
  Bounds range     [1e+00, 1e+00]
  RHS range        [1e+00, 2e+01]
Presolve time: 0.00s

Explored 0 nodes (0 simplex iterations) in 0.00 seconds (0.00 work units)
Thread count was 1 (of 12 available processors)

Solution count 0

Model is infeasible
Best objective -, best bound -, gap -

Gurobi 12.0.1 (linux64, C++) logging started Thu Mar 20 13:38:59 2025

Set parameter WLSAccessID
Set parameter WLSSecret
Set parameter LicenseID to value 2623509
Set parameter LogFile to value "Thm3Model.log"
Academic license 2623509 - for non-commercial use only - registered to ky___@gmail.com
Set parameter OutputFlag to value 1
Gurobi Optimizer version 12.0.1 build v12.0.1rc0 (linux64 - "Ubuntu 20.04.6 LTS")

CPU model: AMD Ryzen 5 PRO 5675U with Radeon Graphics, instruction set [SSE2|AVX|AVX2]
Thread count: 6 physical cores, 12 logical processors, using up to 12 threads

Academic license 2623509 - for non-commercial use only - registered to ky___@gmail.com
Optimize a model with 26 rows, 847 columns and 3990 nonzeros
Model fingerprint: 0x1aab3e6f
Variable types: 0 continuous, 847 integer (847 binary)
Coefficient statistics:
  Matrix range     [1e+00, 1e+00]
  Objective range  [0e+00, 0e+00]
  Bounds range     [1e+00, 1e+00]
  RHS range        [1e+00, 2e+01]
Presolve time: 0.00s

Explored 0 nodes (0 simplex iterations) in 0.00 seconds (0.00 work units)
Thread count was 1 (of 12 available processors)

Solution count 0

Model is infeasible
Best objective -, best bound -, gap -

Gurobi 12.0.1 (linux64, C++) logging started Thu Mar 20 13:39:17 2025

Set parameter WLSAccessID
Set parameter WLSSecret
Set parameter LicenseID to value 2623509
Set parameter LogFile to value "Thm3Model.log"
Academic license 2623509 - for non-commercial use only - registered to ky___@gmail.com
Set parameter OutputFlag to value 1
Gurobi Optimizer version 12.0.1 build v12.0.1rc0 (linux64 - "Ubuntu 20.04.6 LTS")

CPU model: AMD Ryzen 5 PRO 5675U with Radeon Graphics, instruction set [SSE2|AVX|AVX2]
Thread count: 6 physical cores, 12 logical processors, using up to 12 threads

Academic license 2623509 - for non-commercial use only - registered to ky___@gmail.com
Optimize a model with 26 rows, 847 columns and 3990 nonzeros
Model fingerprint: 0x1aab3e6f
Variable types: 0 continuous, 847 integer (847 binary)
Coefficient statistics:
  Matrix range     [1e+00, 1e+00]
  Objective range  [0e+00, 0e+00]
  Bounds range     [1e+00, 1e+00]
  RHS range        [1e+00, 2e+01]
Presolve time: 0.00s

Explored 0 nodes (0 simplex iterations) in 0.00 seconds (0.00 work units)
Thread count was 1 (of 12 available processors)

Solution count 0

Model is infeasible
Best objective -, best bound -, gap -

Gurobi 12.0.1 (linux64, C++) logging started Thu Mar 20 13:39:35 2025

Set parameter WLSAccessID
Set parameter WLSSecret
Set parameter LicenseID to value 2623509
Set parameter LogFile to value "Thm3Model.log"
Academic license 2623509 - for non-commercial use only - registered to ky___@gmail.com
Set parameter OutputFlag to value 1
Gurobi Optimizer version 12.0.1 build v12.0.1rc0 (linux64 - "Ubuntu 20.04.6 LTS")

CPU model: AMD Ryzen 5 PRO 5675U with Radeon Graphics, instruction set [SSE2|AVX|AVX2]
Thread count: 6 physical cores, 12 logical processors, using up to 12 threads

Academic license 2623509 - for non-commercial use only - registered to ky___@gmail.com
Optimize a model with 26 rows, 847 columns and 3990 nonzeros
Model fingerprint: 0x1aab3e6f
Variable types: 0 continuous, 847 integer (847 binary)
Coefficient statistics:
  Matrix range     [1e+00, 1e+00]
  Objective range  [0e+00, 0e+00]
  Bounds range     [1e+00, 1e+00]
  RHS range        [1e+00, 2e+01]
Presolve time: 0.00s

Explored 0 nodes (0 simplex iterations) in 0.00 seconds (0.00 work units)
Thread count was 1 (of 12 available processors)

Solution count 0

Model is infeasible
Best objective -, best bound -, gap -

Gurobi 12.0.1 (linux64, C++) logging started Thu Mar 20 13:39:53 2025

Set parameter WLSAccessID
Set parameter WLSSecret
Set parameter LicenseID to value 2623509
Set parameter LogFile to value "Thm3Model.log"
Academic license 2623509 - for non-commercial use only - registered to ky___@gmail.com
Set parameter OutputFlag to value 1
Gurobi Optimizer version 12.0.1 build v12.0.1rc0 (linux64 - "Ubuntu 20.04.6 LTS")

CPU model: AMD Ryzen 5 PRO 5675U with Radeon Graphics, instruction set [SSE2|AVX|AVX2]
Thread count: 6 physical cores, 12 logical processors, using up to 12 threads

Academic license 2623509 - for non-commercial use only - registered to ky___@gmail.com
Optimize a model with 26 rows, 847 columns and 3990 nonzeros
Model fingerprint: 0x1aab3e6f
Variable types: 0 continuous, 847 integer (847 binary)
Coefficient statistics:
  Matrix range     [1e+00, 1e+00]
  Objective range  [0e+00, 0e+00]
  Bounds range     [1e+00, 1e+00]
  RHS range        [1e+00, 2e+01]
Presolve time: 0.00s

Explored 0 nodes (0 simplex iterations) in 0.00 seconds (0.00 work units)
Thread count was 1 (of 12 available processors)

Solution count 0

Model is infeasible
Best objective -, best bound -, gap -

Gurobi 12.0.1 (linux64, C++) logging started Thu Mar 20 13:41:42 2025

Set parameter WLSAccessID
Set parameter WLSSecret
Set parameter LicenseID to value 2623509
Set parameter LogFile to value "Thm3Model.log"
Academic license 2623509 - for non-commercial use only - registered to ky___@gmail.com
Set parameter OutputFlag to value 1
Gurobi Optimizer version 12.0.1 build v12.0.1rc0 (linux64 - "Ubuntu 20.04.6 LTS")

CPU model: AMD Ryzen 5 PRO 5675U with Radeon Graphics, instruction set [SSE2|AVX|AVX2]
Thread count: 6 physical cores, 12 logical processors, using up to 12 threads

Academic license 2623509 - for non-commercial use only - registered to ky___@gmail.com
Optimize a model with 26 rows, 847 columns and 3990 nonzeros
Model fingerprint: 0x1aab3e6f
Variable types: 0 continuous, 847 integer (847 binary)
Coefficient statistics:
  Matrix range     [1e+00, 1e+00]
  Objective range  [0e+00, 0e+00]
  Bounds range     [1e+00, 1e+00]
  RHS range        [1e+00, 2e+01]
Presolve time: 0.01s

Explored 0 nodes (0 simplex iterations) in 0.01 seconds (0.00 work units)
Thread count was 1 (of 12 available processors)

Solution count 0

Model is infeasible
Best objective -, best bound -, gap -

Gurobi 12.0.1 (linux64, C++) logging started Thu Mar 20 13:42:01 2025

Set parameter WLSAccessID
Set parameter WLSSecret
Set parameter LicenseID to value 2623509
Set parameter LogFile to value "Thm3Model.log"
Academic license 2623509 - for non-commercial use only - registered to ky___@gmail.com
Set parameter OutputFlag to value 1
Gurobi Optimizer version 12.0.1 build v12.0.1rc0 (linux64 - "Ubuntu 20.04.6 LTS")

CPU model: AMD Ryzen 5 PRO 5675U with Radeon Graphics, instruction set [SSE2|AVX|AVX2]
Thread count: 6 physical cores, 12 logical processors, using up to 12 threads

Academic license 2623509 - for non-commercial use only - registered to ky___@gmail.com
Optimize a model with 26 rows, 847 columns and 3990 nonzeros
Model fingerprint: 0x1aab3e6f
Variable types: 0 continuous, 847 integer (847 binary)
Coefficient statistics:
  Matrix range     [1e+00, 1e+00]
  Objective range  [0e+00, 0e+00]
  Bounds range     [1e+00, 1e+00]
  RHS range        [1e+00, 2e+01]
Presolve time: 0.00s

Explored 0 nodes (0 simplex iterations) in 0.00 seconds (0.00 work units)
Thread count was 1 (of 12 available processors)

Solution count 0

Model is infeasible
Best objective -, best bound -, gap -

Gurobi 12.0.1 (linux64, C++) logging started Thu Mar 20 13:42:19 2025

Set parameter WLSAccessID
Set parameter WLSSecret
Set parameter LicenseID to value 2623509
Set parameter LogFile to value "Thm3Model.log"
Academic license 2623509 - for non-commercial use only - registered to ky___@gmail.com
Set parameter OutputFlag to value 1
Gurobi Optimizer version 12.0.1 build v12.0.1rc0 (linux64 - "Ubuntu 20.04.6 LTS")

CPU model: AMD Ryzen 5 PRO 5675U with Radeon Graphics, instruction set [SSE2|AVX|AVX2]
Thread count: 6 physical cores, 12 logical processors, using up to 12 threads

Academic license 2623509 - for non-commercial use only - registered to ky___@gmail.com
Optimize a model with 26 rows, 847 columns and 3990 nonzeros
Model fingerprint: 0x1aab3e6f
Variable types: 0 continuous, 847 integer (847 binary)
Coefficient statistics:
  Matrix range     [1e+00, 1e+00]
  Objective range  [0e+00, 0e+00]
  Bounds range     [1e+00, 1e+00]
  RHS range        [1e+00, 2e+01]
Presolve time: 0.00s

Explored 0 nodes (0 simplex iterations) in 0.00 seconds (0.00 work units)
Thread count was 1 (of 12 available processors)

Solution count 0

Model is infeasible
Best objective -, best bound -, gap -

Gurobi 12.0.1 (linux64, C++) logging started Thu Mar 20 13:42:38 2025

Set parameter WLSAccessID
Set parameter WLSSecret
Set parameter LicenseID to value 2623509
Set parameter LogFile to value "Thm3Model.log"
Academic license 2623509 - for non-commercial use only - registered to ky___@gmail.com
Set parameter OutputFlag to value 1
Gurobi Optimizer version 12.0.1 build v12.0.1rc0 (linux64 - "Ubuntu 20.04.6 LTS")

CPU model: AMD Ryzen 5 PRO 5675U with Radeon Graphics, instruction set [SSE2|AVX|AVX2]
Thread count: 6 physical cores, 12 logical processors, using up to 12 threads

Academic license 2623509 - for non-commercial use only - registered to ky___@gmail.com
Optimize a model with 26 rows, 847 columns and 3990 nonzeros
Model fingerprint: 0x1aab3e6f
Variable types: 0 continuous, 847 integer (847 binary)
Coefficient statistics:
  Matrix range     [1e+00, 1e+00]
  Objective range  [0e+00, 0e+00]
  Bounds range     [1e+00, 1e+00]
  RHS range        [1e+00, 2e+01]
Presolve time: 0.00s

Explored 0 nodes (0 simplex iterations) in 0.01 seconds (0.00 work units)
Thread count was 1 (of 12 available processors)

Solution count 0

Model is infeasible
Best objective -, best bound -, gap -

Gurobi 12.0.1 (linux64, C++) logging started Thu Mar 20 13:42:56 2025

Set parameter WLSAccessID
Set parameter WLSSecret
Set parameter LicenseID to value 2623509
Set parameter LogFile to value "Thm3Model.log"
Academic license 2623509 - for non-commercial use only - registered to ky___@gmail.com
Set parameter OutputFlag to value 1
Gurobi Optimizer version 12.0.1 build v12.0.1rc0 (linux64 - "Ubuntu 20.04.6 LTS")

CPU model: AMD Ryzen 5 PRO 5675U with Radeon Graphics, instruction set [SSE2|AVX|AVX2]
Thread count: 6 physical cores, 12 logical processors, using up to 12 threads

Academic license 2623509 - for non-commercial use only - registered to ky___@gmail.com
Optimize a model with 26 rows, 847 columns and 3990 nonzeros
Model fingerprint: 0x1aab3e6f
Variable types: 0 continuous, 847 integer (847 binary)
Coefficient statistics:
  Matrix range     [1e+00, 1e+00]
  Objective range  [0e+00, 0e+00]
  Bounds range     [1e+00, 1e+00]
  RHS range        [1e+00, 2e+01]
Presolve time: 0.00s

Explored 0 nodes (0 simplex iterations) in 0.00 seconds (0.00 work units)
Thread count was 1 (of 12 available processors)

Solution count 0

Model is infeasible
Best objective -, best bound -, gap -

Gurobi 12.0.1 (linux64, C++) logging started Thu Mar 20 13:43:14 2025

Set parameter WLSAccessID
Set parameter WLSSecret
Set parameter LicenseID to value 2623509
Set parameter LogFile to value "Thm3Model.log"
Academic license 2623509 - for non-commercial use only - registered to ky___@gmail.com
Set parameter OutputFlag to value 1
Gurobi Optimizer version 12.0.1 build v12.0.1rc0 (linux64 - "Ubuntu 20.04.6 LTS")

CPU model: AMD Ryzen 5 PRO 5675U with Radeon Graphics, instruction set [SSE2|AVX|AVX2]
Thread count: 6 physical cores, 12 logical processors, using up to 12 threads

Academic license 2623509 - for non-commercial use only - registered to ky___@gmail.com
Optimize a model with 26 rows, 847 columns and 3990 nonzeros
Model fingerprint: 0x1aab3e6f
Variable types: 0 continuous, 847 integer (847 binary)
Coefficient statistics:
  Matrix range     [1e+00, 1e+00]
  Objective range  [0e+00, 0e+00]
  Bounds range     [1e+00, 1e+00]
  RHS range        [1e+00, 2e+01]
Presolve time: 0.00s

Explored 0 nodes (0 simplex iterations) in 0.00 seconds (0.00 work units)
Thread count was 1 (of 12 available processors)

Solution count 0

Model is infeasible
Best objective -, best bound -, gap -

Gurobi 12.0.1 (linux64, C++) logging started Thu Mar 20 13:43:32 2025

Set parameter WLSAccessID
Set parameter WLSSecret
Set parameter LicenseID to value 2623509
Set parameter LogFile to value "Thm3Model.log"
Academic license 2623509 - for non-commercial use only - registered to ky___@gmail.com
Set parameter OutputFlag to value 1
Gurobi Optimizer version 12.0.1 build v12.0.1rc0 (linux64 - "Ubuntu 20.04.6 LTS")

CPU model: AMD Ryzen 5 PRO 5675U with Radeon Graphics, instruction set [SSE2|AVX|AVX2]
Thread count: 6 physical cores, 12 logical processors, using up to 12 threads

Academic license 2623509 - for non-commercial use only - registered to ky___@gmail.com
Optimize a model with 26 rows, 847 columns and 3990 nonzeros
Model fingerprint: 0x1aab3e6f
Variable types: 0 continuous, 847 integer (847 binary)
Coefficient statistics:
  Matrix range     [1e+00, 1e+00]
  Objective range  [0e+00, 0e+00]
  Bounds range     [1e+00, 1e+00]
  RHS range        [1e+00, 2e+01]
Presolve time: 0.00s

Explored 0 nodes (0 simplex iterations) in 0.00 seconds (0.00 work units)
Thread count was 1 (of 12 available processors)

Solution count 0

Model is infeasible
Best objective -, best bound -, gap -

Gurobi 12.0.1 (linux64, C++) logging started Thu Mar 20 13:43:51 2025

Set parameter WLSAccessID
Set parameter WLSSecret
Set parameter LicenseID to value 2623509
Set parameter LogFile to value "Thm3Model.log"
Academic license 2623509 - for non-commercial use only - registered to ky___@gmail.com
Set parameter OutputFlag to value 1
Gurobi Optimizer version 12.0.1 build v12.0.1rc0 (linux64 - "Ubuntu 20.04.6 LTS")

CPU model: AMD Ryzen 5 PRO 5675U with Radeon Graphics, instruction set [SSE2|AVX|AVX2]
Thread count: 6 physical cores, 12 logical processors, using up to 12 threads

Academic license 2623509 - for non-commercial use only - registered to ky___@gmail.com
Optimize a model with 26 rows, 847 columns and 3990 nonzeros
Model fingerprint: 0x1aab3e6f
Variable types: 0 continuous, 847 integer (847 binary)
Coefficient statistics:
  Matrix range     [1e+00, 1e+00]
  Objective range  [0e+00, 0e+00]
  Bounds range     [1e+00, 1e+00]
  RHS range        [1e+00, 2e+01]
Presolve time: 0.00s

Explored 0 nodes (0 simplex iterations) in 0.00 seconds (0.00 work units)
Thread count was 1 (of 12 available processors)

Solution count 0

Model is infeasible
Best objective -, best bound -, gap -

Gurobi 12.0.1 (linux64, C++) logging started Thu Mar 20 13:44:09 2025

Set parameter WLSAccessID
Set parameter WLSSecret
Set parameter LicenseID to value 2623509
Set parameter LogFile to value "Thm3Model.log"
Academic license 2623509 - for non-commercial use only - registered to ky___@gmail.com
Set parameter OutputFlag to value 1
Gurobi Optimizer version 12.0.1 build v12.0.1rc0 (linux64 - "Ubuntu 20.04.6 LTS")

CPU model: AMD Ryzen 5 PRO 5675U with Radeon Graphics, instruction set [SSE2|AVX|AVX2]
Thread count: 6 physical cores, 12 logical processors, using up to 12 threads

Academic license 2623509 - for non-commercial use only - registered to ky___@gmail.com
Optimize a model with 26 rows, 847 columns and 3990 nonzeros
Model fingerprint: 0x1aab3e6f
Variable types: 0 continuous, 847 integer (847 binary)
Coefficient statistics:
  Matrix range     [1e+00, 1e+00]
  Objective range  [0e+00, 0e+00]
  Bounds range     [1e+00, 1e+00]
  RHS range        [1e+00, 2e+01]
Presolve time: 0.00s

Explored 0 nodes (0 simplex iterations) in 0.00 seconds (0.00 work units)
Thread count was 1 (of 12 available processors)

Solution count 0

Model is infeasible
Best objective -, best bound -, gap -

Gurobi 12.0.1 (linux64, C++) logging started Thu Mar 20 13:44:27 2025

Set parameter WLSAccessID
Set parameter WLSSecret
Set parameter LicenseID to value 2623509
Set parameter LogFile to value "Thm3Model.log"
Academic license 2623509 - for non-commercial use only - registered to ky___@gmail.com
Set parameter OutputFlag to value 1
Gurobi Optimizer version 12.0.1 build v12.0.1rc0 (linux64 - "Ubuntu 20.04.6 LTS")

CPU model: AMD Ryzen 5 PRO 5675U with Radeon Graphics, instruction set [SSE2|AVX|AVX2]
Thread count: 6 physical cores, 12 logical processors, using up to 12 threads

Academic license 2623509 - for non-commercial use only - registered to ky___@gmail.com
Optimize a model with 26 rows, 847 columns and 3990 nonzeros
Model fingerprint: 0x1aab3e6f
Variable types: 0 continuous, 847 integer (847 binary)
Coefficient statistics:
  Matrix range     [1e+00, 1e+00]
  Objective range  [0e+00, 0e+00]
  Bounds range     [1e+00, 1e+00]
  RHS range        [1e+00, 2e+01]
Presolve time: 0.00s

Explored 0 nodes (0 simplex iterations) in 0.00 seconds (0.00 work units)
Thread count was 1 (of 12 available processors)

Solution count 0

Model is infeasible
Best objective -, best bound -, gap -

Gurobi 12.0.1 (linux64, C++) logging started Thu Mar 20 13:47:41 2025

Set parameter WLSAccessID
Set parameter WLSSecret
Set parameter LicenseID to value 2623509
Set parameter LogFile to value "Thm3Model.log"
Academic license 2623509 - for non-commercial use only - registered to ky___@gmail.com
Set parameter OutputFlag to value 1
Gurobi Optimizer version 12.0.1 build v12.0.1rc0 (linux64 - "Ubuntu 20.04.6 LTS")

CPU model: AMD Ryzen 5 PRO 5675U with Radeon Graphics, instruction set [SSE2|AVX|AVX2]
Thread count: 6 physical cores, 12 logical processors, using up to 12 threads

Academic license 2623509 - for non-commercial use only - registered to ky___@gmail.com
Optimize a model with 26 rows, 847 columns and 3990 nonzeros
Model fingerprint: 0x1aab3e6f
Variable types: 0 continuous, 847 integer (847 binary)
Coefficient statistics:
  Matrix range     [1e+00, 1e+00]
  Objective range  [0e+00, 0e+00]
  Bounds range     [1e+00, 1e+00]
  RHS range        [1e+00, 2e+01]
Presolve time: 0.00s

Explored 0 nodes (0 simplex iterations) in 0.01 seconds (0.00 work units)
Thread count was 1 (of 12 available processors)

Solution count 0

Model is infeasible
Best objective -, best bound -, gap -

Gurobi 12.0.1 (linux64, C++) logging started Thu Mar 20 13:48:00 2025

Set parameter WLSAccessID
Set parameter WLSSecret
Set parameter LicenseID to value 2623509
Set parameter LogFile to value "Thm3Model.log"
Academic license 2623509 - for non-commercial use only - registered to ky___@gmail.com
Set parameter OutputFlag to value 1
Gurobi Optimizer version 12.0.1 build v12.0.1rc0 (linux64 - "Ubuntu 20.04.6 LTS")

CPU model: AMD Ryzen 5 PRO 5675U with Radeon Graphics, instruction set [SSE2|AVX|AVX2]
Thread count: 6 physical cores, 12 logical processors, using up to 12 threads

Academic license 2623509 - for non-commercial use only - registered to ky___@gmail.com
Optimize a model with 26 rows, 847 columns and 3990 nonzeros
Model fingerprint: 0x1aab3e6f
Variable types: 0 continuous, 847 integer (847 binary)
Coefficient statistics:
  Matrix range     [1e+00, 1e+00]
  Objective range  [0e+00, 0e+00]
  Bounds range     [1e+00, 1e+00]
  RHS range        [1e+00, 2e+01]
Presolve time: 0.00s

Explored 0 nodes (0 simplex iterations) in 0.00 seconds (0.00 work units)
Thread count was 1 (of 12 available processors)

Solution count 0

Model is infeasible
Best objective -, best bound -, gap -

Gurobi 12.0.1 (linux64, C++) logging started Thu Mar 20 13:48:18 2025

Set parameter WLSAccessID
Set parameter WLSSecret
Set parameter LicenseID to value 2623509
Set parameter LogFile to value "Thm3Model.log"
Academic license 2623509 - for non-commercial use only - registered to ky___@gmail.com
Set parameter OutputFlag to value 1
Gurobi Optimizer version 12.0.1 build v12.0.1rc0 (linux64 - "Ubuntu 20.04.6 LTS")

CPU model: AMD Ryzen 5 PRO 5675U with Radeon Graphics, instruction set [SSE2|AVX|AVX2]
Thread count: 6 physical cores, 12 logical processors, using up to 12 threads

Academic license 2623509 - for non-commercial use only - registered to ky___@gmail.com
Optimize a model with 26 rows, 847 columns and 3990 nonzeros
Model fingerprint: 0x1aab3e6f
Variable types: 0 continuous, 847 integer (847 binary)
Coefficient statistics:
  Matrix range     [1e+00, 1e+00]
  Objective range  [0e+00, 0e+00]
  Bounds range     [1e+00, 1e+00]
  RHS range        [1e+00, 2e+01]
Presolve time: 0.00s

Explored 0 nodes (0 simplex iterations) in 0.01 seconds (0.00 work units)
Thread count was 1 (of 12 available processors)

Solution count 0

Model is infeasible
Best objective -, best bound -, gap -

Gurobi 12.0.1 (linux64, C++) logging started Thu Mar 20 13:48:37 2025

Set parameter WLSAccessID
Set parameter WLSSecret
Set parameter LicenseID to value 2623509
Set parameter LogFile to value "Thm3Model.log"
Academic license 2623509 - for non-commercial use only - registered to ky___@gmail.com
Set parameter OutputFlag to value 1
Gurobi Optimizer version 12.0.1 build v12.0.1rc0 (linux64 - "Ubuntu 20.04.6 LTS")

CPU model: AMD Ryzen 5 PRO 5675U with Radeon Graphics, instruction set [SSE2|AVX|AVX2]
Thread count: 6 physical cores, 12 logical processors, using up to 12 threads

Academic license 2623509 - for non-commercial use only - registered to ky___@gmail.com
Optimize a model with 26 rows, 847 columns and 3990 nonzeros
Model fingerprint: 0x1aab3e6f
Variable types: 0 continuous, 847 integer (847 binary)
Coefficient statistics:
  Matrix range     [1e+00, 1e+00]
  Objective range  [0e+00, 0e+00]
  Bounds range     [1e+00, 1e+00]
  RHS range        [1e+00, 2e+01]
Presolve time: 0.00s

Explored 0 nodes (0 simplex iterations) in 0.01 seconds (0.00 work units)
Thread count was 1 (of 12 available processors)

Solution count 0

Model is infeasible
Best objective -, best bound -, gap -

Gurobi 12.0.1 (linux64, C++) logging started Thu Mar 20 13:48:56 2025

Set parameter WLSAccessID
Set parameter WLSSecret
Set parameter LicenseID to value 2623509
Set parameter LogFile to value "Thm3Model.log"
Academic license 2623509 - for non-commercial use only - registered to ky___@gmail.com
Set parameter OutputFlag to value 1
Gurobi Optimizer version 12.0.1 build v12.0.1rc0 (linux64 - "Ubuntu 20.04.6 LTS")

CPU model: AMD Ryzen 5 PRO 5675U with Radeon Graphics, instruction set [SSE2|AVX|AVX2]
Thread count: 6 physical cores, 12 logical processors, using up to 12 threads

Academic license 2623509 - for non-commercial use only - registered to ky___@gmail.com
Optimize a model with 26 rows, 847 columns and 3990 nonzeros
Model fingerprint: 0x1aab3e6f
Variable types: 0 continuous, 847 integer (847 binary)
Coefficient statistics:
  Matrix range     [1e+00, 1e+00]
  Objective range  [0e+00, 0e+00]
  Bounds range     [1e+00, 1e+00]
  RHS range        [1e+00, 2e+01]
Presolve time: 0.00s

Explored 0 nodes (0 simplex iterations) in 0.01 seconds (0.00 work units)
Thread count was 1 (of 12 available processors)

Solution count 0

Model is infeasible
Best objective -, best bound -, gap -

Gurobi 12.0.1 (linux64, C++) logging started Thu Mar 20 13:49:15 2025

Set parameter WLSAccessID
Set parameter WLSSecret
Set parameter LicenseID to value 2623509
Set parameter LogFile to value "Thm3Model.log"
Academic license 2623509 - for non-commercial use only - registered to ky___@gmail.com
Set parameter OutputFlag to value 1
Gurobi Optimizer version 12.0.1 build v12.0.1rc0 (linux64 - "Ubuntu 20.04.6 LTS")

CPU model: AMD Ryzen 5 PRO 5675U with Radeon Graphics, instruction set [SSE2|AVX|AVX2]
Thread count: 6 physical cores, 12 logical processors, using up to 12 threads

Academic license 2623509 - for non-commercial use only - registered to ky___@gmail.com
Optimize a model with 26 rows, 847 columns and 3990 nonzeros
Model fingerprint: 0x1aab3e6f
Variable types: 0 continuous, 847 integer (847 binary)
Coefficient statistics:
  Matrix range     [1e+00, 1e+00]
  Objective range  [0e+00, 0e+00]
  Bounds range     [1e+00, 1e+00]
  RHS range        [1e+00, 2e+01]
Presolve time: 0.00s

Explored 0 nodes (0 simplex iterations) in 0.00 seconds (0.00 work units)
Thread count was 1 (of 12 available processors)

Solution count 0

Model is infeasible
Best objective -, best bound -, gap -

Gurobi 12.0.1 (linux64, C++) logging started Thu Mar 20 13:49:34 2025

Set parameter WLSAccessID
Set parameter WLSSecret
Set parameter LicenseID to value 2623509
Set parameter LogFile to value "Thm3Model.log"
Academic license 2623509 - for non-commercial use only - registered to ky___@gmail.com
Set parameter OutputFlag to value 1
Gurobi Optimizer version 12.0.1 build v12.0.1rc0 (linux64 - "Ubuntu 20.04.6 LTS")

CPU model: AMD Ryzen 5 PRO 5675U with Radeon Graphics, instruction set [SSE2|AVX|AVX2]
Thread count: 6 physical cores, 12 logical processors, using up to 12 threads

Academic license 2623509 - for non-commercial use only - registered to ky___@gmail.com
Optimize a model with 26 rows, 847 columns and 3990 nonzeros
Model fingerprint: 0x1aab3e6f
Variable types: 0 continuous, 847 integer (847 binary)
Coefficient statistics:
  Matrix range     [1e+00, 1e+00]
  Objective range  [0e+00, 0e+00]
  Bounds range     [1e+00, 1e+00]
  RHS range        [1e+00, 2e+01]
Presolve time: 0.00s

Explored 0 nodes (0 simplex iterations) in 0.00 seconds (0.00 work units)
Thread count was 1 (of 12 available processors)

Solution count 0

Model is infeasible
Best objective -, best bound -, gap -

Gurobi 12.0.1 (linux64, C++) logging started Thu Mar 20 13:49:53 2025

Set parameter WLSAccessID
Set parameter WLSSecret
Set parameter LicenseID to value 2623509
Set parameter LogFile to value "Thm3Model.log"
Academic license 2623509 - for non-commercial use only - registered to ky___@gmail.com
Set parameter OutputFlag to value 1
Gurobi Optimizer version 12.0.1 build v12.0.1rc0 (linux64 - "Ubuntu 20.04.6 LTS")

CPU model: AMD Ryzen 5 PRO 5675U with Radeon Graphics, instruction set [SSE2|AVX|AVX2]
Thread count: 6 physical cores, 12 logical processors, using up to 12 threads

Academic license 2623509 - for non-commercial use only - registered to ky___@gmail.com
Optimize a model with 26 rows, 847 columns and 3990 nonzeros
Model fingerprint: 0x1aab3e6f
Variable types: 0 continuous, 847 integer (847 binary)
Coefficient statistics:
  Matrix range     [1e+00, 1e+00]
  Objective range  [0e+00, 0e+00]
  Bounds range     [1e+00, 1e+00]
  RHS range        [1e+00, 2e+01]
Presolve time: 0.00s

Explored 0 nodes (0 simplex iterations) in 0.01 seconds (0.00 work units)
Thread count was 1 (of 12 available processors)

Solution count 0

Model is infeasible
Best objective -, best bound -, gap -

Gurobi 12.0.1 (linux64, C++) logging started Thu Mar 20 13:50:12 2025

Set parameter WLSAccessID
Set parameter WLSSecret
Set parameter LicenseID to value 2623509
Set parameter LogFile to value "Thm3Model.log"
Academic license 2623509 - for non-commercial use only - registered to ky___@gmail.com
Set parameter OutputFlag to value 1
Gurobi Optimizer version 12.0.1 build v12.0.1rc0 (linux64 - "Ubuntu 20.04.6 LTS")

CPU model: AMD Ryzen 5 PRO 5675U with Radeon Graphics, instruction set [SSE2|AVX|AVX2]
Thread count: 6 physical cores, 12 logical processors, using up to 12 threads

Academic license 2623509 - for non-commercial use only - registered to ky___@gmail.com
Optimize a model with 26 rows, 847 columns and 3990 nonzeros
Model fingerprint: 0x1aab3e6f
Variable types: 0 continuous, 847 integer (847 binary)
Coefficient statistics:
  Matrix range     [1e+00, 1e+00]
  Objective range  [0e+00, 0e+00]
  Bounds range     [1e+00, 1e+00]
  RHS range        [1e+00, 2e+01]
Presolve time: 0.00s

Explored 0 nodes (0 simplex iterations) in 0.00 seconds (0.00 work units)
Thread count was 1 (of 12 available processors)

Solution count 0

Model is infeasible
Best objective -, best bound -, gap -

Gurobi 12.0.1 (linux64, C++) logging started Thu Mar 20 13:50:31 2025

Set parameter WLSAccessID
Set parameter WLSSecret
Set parameter LicenseID to value 2623509
Set parameter LogFile to value "Thm3Model.log"
Academic license 2623509 - for non-commercial use only - registered to ky___@gmail.com
Set parameter OutputFlag to value 1
Gurobi Optimizer version 12.0.1 build v12.0.1rc0 (linux64 - "Ubuntu 20.04.6 LTS")

CPU model: AMD Ryzen 5 PRO 5675U with Radeon Graphics, instruction set [SSE2|AVX|AVX2]
Thread count: 6 physical cores, 12 logical processors, using up to 12 threads

Academic license 2623509 - for non-commercial use only - registered to ky___@gmail.com
Optimize a model with 26 rows, 847 columns and 3990 nonzeros
Model fingerprint: 0x1aab3e6f
Variable types: 0 continuous, 847 integer (847 binary)
Coefficient statistics:
  Matrix range     [1e+00, 1e+00]
  Objective range  [0e+00, 0e+00]
  Bounds range     [1e+00, 1e+00]
  RHS range        [1e+00, 2e+01]
Presolve time: 0.00s

Explored 0 nodes (0 simplex iterations) in 0.00 seconds (0.00 work units)
Thread count was 1 (of 12 available processors)

Solution count 0

Model is infeasible
Best objective -, best bound -, gap -

Gurobi 12.0.1 (linux64, C++) logging started Thu Mar 20 13:55:50 2025

Set parameter WLSAccessID
Set parameter WLSSecret
Set parameter LicenseID to value 2623509
Set parameter LogFile to value "Thm3Model.log"
Academic license 2623509 - for non-commercial use only - registered to ky___@gmail.com
Set parameter OutputFlag to value 1
Gurobi Optimizer version 12.0.1 build v12.0.1rc0 (linux64 - "Ubuntu 20.04.6 LTS")

CPU model: AMD Ryzen 5 PRO 5675U with Radeon Graphics, instruction set [SSE2|AVX|AVX2]
Thread count: 6 physical cores, 12 logical processors, using up to 12 threads

Academic license 2623509 - for non-commercial use only - registered to ky___@gmail.com
Optimize a model with 26 rows, 847 columns and 3990 nonzeros
Model fingerprint: 0x1aab3e6f
Variable types: 0 continuous, 847 integer (847 binary)
Coefficient statistics:
  Matrix range     [1e+00, 1e+00]
  Objective range  [0e+00, 0e+00]
  Bounds range     [1e+00, 1e+00]
  RHS range        [1e+00, 2e+01]
Presolve time: 0.00s

Explored 0 nodes (0 simplex iterations) in 0.01 seconds (0.00 work units)
Thread count was 1 (of 12 available processors)

Solution count 0

Model is infeasible
Best objective -, best bound -, gap -

Gurobi 12.0.1 (linux64, C++) logging started Thu Mar 20 13:56:16 2025

Set parameter WLSAccessID
Set parameter WLSSecret
Set parameter LicenseID to value 2623509
Set parameter LogFile to value "Thm3Model.log"
Academic license 2623509 - for non-commercial use only - registered to ky___@gmail.com
Set parameter OutputFlag to value 1
Gurobi Optimizer version 12.0.1 build v12.0.1rc0 (linux64 - "Ubuntu 20.04.6 LTS")

CPU model: AMD Ryzen 5 PRO 5675U with Radeon Graphics, instruction set [SSE2|AVX|AVX2]
Thread count: 6 physical cores, 12 logical processors, using up to 12 threads

Academic license 2623509 - for non-commercial use only - registered to ky___@gmail.com
Optimize a model with 26 rows, 847 columns and 3990 nonzeros
Model fingerprint: 0x1aab3e6f
Variable types: 0 continuous, 847 integer (847 binary)
Coefficient statistics:
  Matrix range     [1e+00, 1e+00]
  Objective range  [0e+00, 0e+00]
  Bounds range     [1e+00, 1e+00]
  RHS range        [1e+00, 2e+01]
Presolve time: 0.00s

Explored 0 nodes (0 simplex iterations) in 0.01 seconds (0.00 work units)
Thread count was 1 (of 12 available processors)

Solution count 0

Model is infeasible
Best objective -, best bound -, gap -

Gurobi 12.0.1 (linux64, C++) logging started Thu Mar 20 13:56:39 2025

Set parameter WLSAccessID
Set parameter WLSSecret
Set parameter LicenseID to value 2623509
Set parameter LogFile to value "Thm3Model.log"
Academic license 2623509 - for non-commercial use only - registered to ky___@gmail.com
Set parameter OutputFlag to value 1
Gurobi Optimizer version 12.0.1 build v12.0.1rc0 (linux64 - "Ubuntu 20.04.6 LTS")

CPU model: AMD Ryzen 5 PRO 5675U with Radeon Graphics, instruction set [SSE2|AVX|AVX2]
Thread count: 6 physical cores, 12 logical processors, using up to 12 threads

Academic license 2623509 - for non-commercial use only - registered to ky___@gmail.com
Optimize a model with 26 rows, 847 columns and 3990 nonzeros
Model fingerprint: 0x1aab3e6f
Variable types: 0 continuous, 847 integer (847 binary)
Coefficient statistics:
  Matrix range     [1e+00, 1e+00]
  Objective range  [0e+00, 0e+00]
  Bounds range     [1e+00, 1e+00]
  RHS range        [1e+00, 2e+01]
Presolve time: 0.00s

Explored 0 nodes (0 simplex iterations) in 0.01 seconds (0.00 work units)
Thread count was 1 (of 12 available processors)

Solution count 0

Model is infeasible
Best objective -, best bound -, gap -

Gurobi 12.0.1 (linux64, C++) logging started Thu Mar 20 13:57:02 2025

Set parameter WLSAccessID
Set parameter WLSSecret
Set parameter LicenseID to value 2623509
Set parameter LogFile to value "Thm3Model.log"
Academic license 2623509 - for non-commercial use only - registered to ky___@gmail.com
Set parameter OutputFlag to value 1
Gurobi Optimizer version 12.0.1 build v12.0.1rc0 (linux64 - "Ubuntu 20.04.6 LTS")

CPU model: AMD Ryzen 5 PRO 5675U with Radeon Graphics, instruction set [SSE2|AVX|AVX2]
Thread count: 6 physical cores, 12 logical processors, using up to 12 threads

Academic license 2623509 - for non-commercial use only - registered to ky___@gmail.com
Optimize a model with 26 rows, 847 columns and 3990 nonzeros
Model fingerprint: 0x1aab3e6f
Variable types: 0 continuous, 847 integer (847 binary)
Coefficient statistics:
  Matrix range     [1e+00, 1e+00]
  Objective range  [0e+00, 0e+00]
  Bounds range     [1e+00, 1e+00]
  RHS range        [1e+00, 2e+01]
Presolve time: 0.00s

Explored 0 nodes (0 simplex iterations) in 0.00 seconds (0.00 work units)
Thread count was 1 (of 12 available processors)

Solution count 0

Model is infeasible
Best objective -, best bound -, gap -

Gurobi 12.0.1 (linux64, C++) logging started Thu Mar 20 13:57:21 2025

Set parameter WLSAccessID
Set parameter WLSSecret
Set parameter LicenseID to value 2623509
Set parameter LogFile to value "Thm3Model.log"
Academic license 2623509 - for non-commercial use only - registered to ky___@gmail.com
Set parameter OutputFlag to value 1
Gurobi Optimizer version 12.0.1 build v12.0.1rc0 (linux64 - "Ubuntu 20.04.6 LTS")

CPU model: AMD Ryzen 5 PRO 5675U with Radeon Graphics, instruction set [SSE2|AVX|AVX2]
Thread count: 6 physical cores, 12 logical processors, using up to 12 threads

Academic license 2623509 - for non-commercial use only - registered to ky___@gmail.com
Optimize a model with 26 rows, 847 columns and 3990 nonzeros
Model fingerprint: 0x1aab3e6f
Variable types: 0 continuous, 847 integer (847 binary)
Coefficient statistics:
  Matrix range     [1e+00, 1e+00]
  Objective range  [0e+00, 0e+00]
  Bounds range     [1e+00, 1e+00]
  RHS range        [1e+00, 2e+01]
Presolve time: 0.00s

Explored 0 nodes (0 simplex iterations) in 0.01 seconds (0.00 work units)
Thread count was 1 (of 12 available processors)

Solution count 0

Model is infeasible
Best objective -, best bound -, gap -

Gurobi 12.0.1 (linux64, C++) logging started Thu Mar 20 13:57:41 2025

Set parameter WLSAccessID
Set parameter WLSSecret
Set parameter LicenseID to value 2623509
Set parameter LogFile to value "Thm3Model.log"
Academic license 2623509 - for non-commercial use only - registered to ky___@gmail.com
Set parameter OutputFlag to value 1
Gurobi Optimizer version 12.0.1 build v12.0.1rc0 (linux64 - "Ubuntu 20.04.6 LTS")

CPU model: AMD Ryzen 5 PRO 5675U with Radeon Graphics, instruction set [SSE2|AVX|AVX2]
Thread count: 6 physical cores, 12 logical processors, using up to 12 threads

Academic license 2623509 - for non-commercial use only - registered to ky___@gmail.com
Optimize a model with 26 rows, 847 columns and 3990 nonzeros
Model fingerprint: 0x1aab3e6f
Variable types: 0 continuous, 847 integer (847 binary)
Coefficient statistics:
  Matrix range     [1e+00, 1e+00]
  Objective range  [0e+00, 0e+00]
  Bounds range     [1e+00, 1e+00]
  RHS range        [1e+00, 2e+01]
Presolve time: 0.00s

Explored 0 nodes (0 simplex iterations) in 0.00 seconds (0.00 work units)
Thread count was 1 (of 12 available processors)

Solution count 0

Model is infeasible
Best objective -, best bound -, gap -

Gurobi 12.0.1 (linux64, C++) logging started Thu Mar 20 13:58:00 2025

Set parameter WLSAccessID
Set parameter WLSSecret
Set parameter LicenseID to value 2623509
Set parameter LogFile to value "Thm3Model.log"
Academic license 2623509 - for non-commercial use only - registered to ky___@gmail.com
Set parameter OutputFlag to value 1
Gurobi Optimizer version 12.0.1 build v12.0.1rc0 (linux64 - "Ubuntu 20.04.6 LTS")

CPU model: AMD Ryzen 5 PRO 5675U with Radeon Graphics, instruction set [SSE2|AVX|AVX2]
Thread count: 6 physical cores, 12 logical processors, using up to 12 threads

Academic license 2623509 - for non-commercial use only - registered to ky___@gmail.com
Optimize a model with 26 rows, 847 columns and 3990 nonzeros
Model fingerprint: 0x1aab3e6f
Variable types: 0 continuous, 847 integer (847 binary)
Coefficient statistics:
  Matrix range     [1e+00, 1e+00]
  Objective range  [0e+00, 0e+00]
  Bounds range     [1e+00, 1e+00]
  RHS range        [1e+00, 2e+01]
Presolve time: 0.00s

Explored 0 nodes (0 simplex iterations) in 0.00 seconds (0.00 work units)
Thread count was 1 (of 12 available processors)

Solution count 0

Model is infeasible
Best objective -, best bound -, gap -

Gurobi 12.0.1 (linux64, C++) logging started Thu Mar 20 13:58:20 2025

Set parameter WLSAccessID
Set parameter WLSSecret
Set parameter LicenseID to value 2623509
Set parameter LogFile to value "Thm3Model.log"
Academic license 2623509 - for non-commercial use only - registered to ky___@gmail.com
Set parameter OutputFlag to value 1
Gurobi Optimizer version 12.0.1 build v12.0.1rc0 (linux64 - "Ubuntu 20.04.6 LTS")

CPU model: AMD Ryzen 5 PRO 5675U with Radeon Graphics, instruction set [SSE2|AVX|AVX2]
Thread count: 6 physical cores, 12 logical processors, using up to 12 threads

Academic license 2623509 - for non-commercial use only - registered to ky___@gmail.com
Optimize a model with 26 rows, 847 columns and 3990 nonzeros
Model fingerprint: 0x1aab3e6f
Variable types: 0 continuous, 847 integer (847 binary)
Coefficient statistics:
  Matrix range     [1e+00, 1e+00]
  Objective range  [0e+00, 0e+00]
  Bounds range     [1e+00, 1e+00]
  RHS range        [1e+00, 2e+01]
Presolve time: 0.00s

Explored 0 nodes (0 simplex iterations) in 0.00 seconds (0.00 work units)
Thread count was 1 (of 12 available processors)

Solution count 0

Model is infeasible
Best objective -, best bound -, gap -

Gurobi 12.0.1 (linux64, C++) logging started Thu Mar 20 13:58:40 2025

Set parameter WLSAccessID
Set parameter WLSSecret
Set parameter LicenseID to value 2623509
Set parameter LogFile to value "Thm3Model.log"
Academic license 2623509 - for non-commercial use only - registered to ky___@gmail.com
Set parameter OutputFlag to value 1
Gurobi Optimizer version 12.0.1 build v12.0.1rc0 (linux64 - "Ubuntu 20.04.6 LTS")

CPU model: AMD Ryzen 5 PRO 5675U with Radeon Graphics, instruction set [SSE2|AVX|AVX2]
Thread count: 6 physical cores, 12 logical processors, using up to 12 threads

Academic license 2623509 - for non-commercial use only - registered to ky___@gmail.com
Optimize a model with 26 rows, 847 columns and 3990 nonzeros
Model fingerprint: 0x1aab3e6f
Variable types: 0 continuous, 847 integer (847 binary)
Coefficient statistics:
  Matrix range     [1e+00, 1e+00]
  Objective range  [0e+00, 0e+00]
  Bounds range     [1e+00, 1e+00]
  RHS range        [1e+00, 2e+01]
Presolve time: 0.00s

Explored 0 nodes (0 simplex iterations) in 0.01 seconds (0.00 work units)
Thread count was 1 (of 12 available processors)

Solution count 0

Model is infeasible
Best objective -, best bound -, gap -

Gurobi 12.0.1 (linux64, C++) logging started Thu Mar 20 13:58:59 2025

Set parameter WLSAccessID
Set parameter WLSSecret
Set parameter LicenseID to value 2623509
Set parameter LogFile to value "Thm3Model.log"
Academic license 2623509 - for non-commercial use only - registered to ky___@gmail.com
Set parameter OutputFlag to value 1

Gurobi 12.0.1 (linux64, C++) logging started Thu Mar 20 13:59:25 2025

Set parameter WLSAccessID
Set parameter WLSSecret
Set parameter LicenseID to value 2623509
Set parameter LogFile to value "Thm3Model.log"
Academic license 2623509 - for non-commercial use only - registered to ky___@gmail.com
Set parameter OutputFlag to value 1
Gurobi Optimizer version 12.0.1 build v12.0.1rc0 (linux64 - "Ubuntu 20.04.6 LTS")

CPU model: AMD Ryzen 5 PRO 5675U with Radeon Graphics, instruction set [SSE2|AVX|AVX2]
Thread count: 6 physical cores, 12 logical processors, using up to 12 threads

Academic license 2623509 - for non-commercial use only - registered to ky___@gmail.com
Optimize a model with 26 rows, 847 columns and 3990 nonzeros
Model fingerprint: 0x1aab3e6f
Variable types: 0 continuous, 847 integer (847 binary)
Coefficient statistics:
  Matrix range     [1e+00, 1e+00]
  Objective range  [0e+00, 0e+00]
  Bounds range     [1e+00, 1e+00]
  RHS range        [1e+00, 2e+01]
Presolve time: 0.00s

Explored 0 nodes (0 simplex iterations) in 0.01 seconds (0.00 work units)
Thread count was 1 (of 12 available processors)

Solution count 0

Model is infeasible
Best objective -, best bound -, gap -

Gurobi 12.0.1 (linux64, C++) logging started Thu Mar 20 13:59:43 2025

Set parameter WLSAccessID
Set parameter WLSSecret
Set parameter LicenseID to value 2623509
Set parameter LogFile to value "Thm3Model.log"
Academic license 2623509 - for non-commercial use only - registered to ky___@gmail.com
Set parameter OutputFlag to value 1
Gurobi Optimizer version 12.0.1 build v12.0.1rc0 (linux64 - "Ubuntu 20.04.6 LTS")

CPU model: AMD Ryzen 5 PRO 5675U with Radeon Graphics, instruction set [SSE2|AVX|AVX2]
Thread count: 6 physical cores, 12 logical processors, using up to 12 threads

Academic license 2623509 - for non-commercial use only - registered to ky___@gmail.com
Optimize a model with 26 rows, 847 columns and 3990 nonzeros
Model fingerprint: 0x1aab3e6f
Variable types: 0 continuous, 847 integer (847 binary)
Coefficient statistics:
  Matrix range     [1e+00, 1e+00]
  Objective range  [0e+00, 0e+00]
  Bounds range     [1e+00, 1e+00]
  RHS range        [1e+00, 2e+01]
Presolve time: 0.00s

Explored 0 nodes (0 simplex iterations) in 0.00 seconds (0.00 work units)
Thread count was 1 (of 12 available processors)

Solution count 0

Model is infeasible
Best objective -, best bound -, gap -

Gurobi 12.0.1 (linux64, C++) logging started Thu Mar 20 14:00:01 2025

Set parameter WLSAccessID
Set parameter WLSSecret
Set parameter LicenseID to value 2623509
Set parameter LogFile to value "Thm3Model.log"
Academic license 2623509 - for non-commercial use only - registered to ky___@gmail.com
Set parameter OutputFlag to value 1
Gurobi Optimizer version 12.0.1 build v12.0.1rc0 (linux64 - "Ubuntu 20.04.6 LTS")

CPU model: AMD Ryzen 5 PRO 5675U with Radeon Graphics, instruction set [SSE2|AVX|AVX2]
Thread count: 6 physical cores, 12 logical processors, using up to 12 threads

Academic license 2623509 - for non-commercial use only - registered to ky___@gmail.com
Optimize a model with 26 rows, 847 columns and 3990 nonzeros
Model fingerprint: 0x1aab3e6f
Variable types: 0 continuous, 847 integer (847 binary)
Coefficient statistics:
  Matrix range     [1e+00, 1e+00]
  Objective range  [0e+00, 0e+00]
  Bounds range     [1e+00, 1e+00]
  RHS range        [1e+00, 2e+01]
Presolve time: 0.00s

Explored 0 nodes (0 simplex iterations) in 0.00 seconds (0.00 work units)
Thread count was 1 (of 12 available processors)

Solution count 0

Model is infeasible
Best objective -, best bound -, gap -

Gurobi 12.0.1 (linux64, C++) logging started Thu Mar 20 14:00:19 2025

Set parameter WLSAccessID
Set parameter WLSSecret
Set parameter LicenseID to value 2623509
Set parameter LogFile to value "Thm3Model.log"
Academic license 2623509 - for non-commercial use only - registered to ky___@gmail.com
Set parameter OutputFlag to value 1
Gurobi Optimizer version 12.0.1 build v12.0.1rc0 (linux64 - "Ubuntu 20.04.6 LTS")

CPU model: AMD Ryzen 5 PRO 5675U with Radeon Graphics, instruction set [SSE2|AVX|AVX2]
Thread count: 6 physical cores, 12 logical processors, using up to 12 threads

Academic license 2623509 - for non-commercial use only - registered to ky___@gmail.com
Optimize a model with 26 rows, 847 columns and 3990 nonzeros
Model fingerprint: 0x1aab3e6f
Variable types: 0 continuous, 847 integer (847 binary)
Coefficient statistics:
  Matrix range     [1e+00, 1e+00]
  Objective range  [0e+00, 0e+00]
  Bounds range     [1e+00, 1e+00]
  RHS range        [1e+00, 2e+01]
Presolve time: 0.00s

Explored 0 nodes (0 simplex iterations) in 5.15 seconds (0.00 work units)
Thread count was 1 (of 12 available processors)

Solution count 0

Model is infeasible
Best objective -, best bound -, gap -

Gurobi 12.0.1 (linux64, C++) logging started Thu Mar 20 14:00:42 2025

Set parameter WLSAccessID
Set parameter WLSSecret
Set parameter LicenseID to value 2623509
Set parameter LogFile to value "Thm3Model.log"
Academic license 2623509 - for non-commercial use only - registered to ky___@gmail.com
Set parameter OutputFlag to value 1
Gurobi Optimizer version 12.0.1 build v12.0.1rc0 (linux64 - "Ubuntu 20.04.6 LTS")

CPU model: AMD Ryzen 5 PRO 5675U with Radeon Graphics, instruction set [SSE2|AVX|AVX2]
Thread count: 6 physical cores, 12 logical processors, using up to 12 threads

Academic license 2623509 - for non-commercial use only - registered to ky___@gmail.com
Optimize a model with 26 rows, 847 columns and 3990 nonzeros
Model fingerprint: 0x1aab3e6f
Variable types: 0 continuous, 847 integer (847 binary)
Coefficient statistics:
  Matrix range     [1e+00, 1e+00]
  Objective range  [0e+00, 0e+00]
  Bounds range     [1e+00, 1e+00]
  RHS range        [1e+00, 2e+01]
Presolve time: 0.00s

Explored 0 nodes (0 simplex iterations) in 0.00 seconds (0.00 work units)
Thread count was 1 (of 12 available processors)

Solution count 0

Model is infeasible
Best objective -, best bound -, gap -

Gurobi 12.0.1 (linux64, C++) logging started Thu Mar 20 14:01:01 2025

Set parameter WLSAccessID
Set parameter WLSSecret
Set parameter LicenseID to value 2623509
Set parameter LogFile to value "Thm3Model.log"
Academic license 2623509 - for non-commercial use only - registered to ky___@gmail.com
Set parameter OutputFlag to value 1
Gurobi Optimizer version 12.0.1 build v12.0.1rc0 (linux64 - "Ubuntu 20.04.6 LTS")

CPU model: AMD Ryzen 5 PRO 5675U with Radeon Graphics, instruction set [SSE2|AVX|AVX2]
Thread count: 6 physical cores, 12 logical processors, using up to 12 threads

Academic license 2623509 - for non-commercial use only - registered to ky___@gmail.com
Optimize a model with 26 rows, 847 columns and 3990 nonzeros
Model fingerprint: 0x1aab3e6f
Variable types: 0 continuous, 847 integer (847 binary)
Coefficient statistics:
  Matrix range     [1e+00, 1e+00]
  Objective range  [0e+00, 0e+00]
  Bounds range     [1e+00, 1e+00]
  RHS range        [1e+00, 2e+01]
Presolve time: 0.00s

Explored 0 nodes (0 simplex iterations) in 0.00 seconds (0.00 work units)
Thread count was 1 (of 12 available processors)

Solution count 0

Model is infeasible
Best objective -, best bound -, gap -

Gurobi 12.0.1 (linux64, C++) logging started Thu Mar 20 14:01:19 2025

Set parameter WLSAccessID
Set parameter WLSSecret
Set parameter LicenseID to value 2623509
Set parameter LogFile to value "Thm3Model.log"
Academic license 2623509 - for non-commercial use only - registered to ky___@gmail.com
Set parameter OutputFlag to value 1
Gurobi Optimizer version 12.0.1 build v12.0.1rc0 (linux64 - "Ubuntu 20.04.6 LTS")

CPU model: AMD Ryzen 5 PRO 5675U with Radeon Graphics, instruction set [SSE2|AVX|AVX2]
Thread count: 6 physical cores, 12 logical processors, using up to 12 threads

Academic license 2623509 - for non-commercial use only - registered to ky___@gmail.com
Optimize a model with 26 rows, 847 columns and 3990 nonzeros
Model fingerprint: 0x1aab3e6f
Variable types: 0 continuous, 847 integer (847 binary)
Coefficient statistics:
  Matrix range     [1e+00, 1e+00]
  Objective range  [0e+00, 0e+00]
  Bounds range     [1e+00, 1e+00]
  RHS range        [1e+00, 2e+01]
Presolve time: 0.00s

Explored 0 nodes (0 simplex iterations) in 0.00 seconds (0.00 work units)
Thread count was 1 (of 12 available processors)

Solution count 0

Model is infeasible
Best objective -, best bound -, gap -

Gurobi 12.0.1 (linux64, C++) logging started Thu Mar 20 14:01:37 2025

Set parameter WLSAccessID
Set parameter WLSSecret
Set parameter LicenseID to value 2623509
Set parameter LogFile to value "Thm3Model.log"
Academic license 2623509 - for non-commercial use only - registered to ky___@gmail.com
Set parameter OutputFlag to value 1
Gurobi Optimizer version 12.0.1 build v12.0.1rc0 (linux64 - "Ubuntu 20.04.6 LTS")

CPU model: AMD Ryzen 5 PRO 5675U with Radeon Graphics, instruction set [SSE2|AVX|AVX2]
Thread count: 6 physical cores, 12 logical processors, using up to 12 threads

Academic license 2623509 - for non-commercial use only - registered to ky___@gmail.com
Optimize a model with 26 rows, 847 columns and 3990 nonzeros
Model fingerprint: 0x1aab3e6f
Variable types: 0 continuous, 847 integer (847 binary)
Coefficient statistics:
  Matrix range     [1e+00, 1e+00]
  Objective range  [0e+00, 0e+00]
  Bounds range     [1e+00, 1e+00]
  RHS range        [1e+00, 2e+01]
Presolve time: 0.00s

Explored 0 nodes (0 simplex iterations) in 0.00 seconds (0.00 work units)
Thread count was 1 (of 12 available processors)

Solution count 0

Model is infeasible
Best objective -, best bound -, gap -

Gurobi 12.0.1 (linux64, C++) logging started Thu Mar 20 14:01:55 2025

Set parameter WLSAccessID
Set parameter WLSSecret
Set parameter LicenseID to value 2623509
Set parameter LogFile to value "Thm3Model.log"
Academic license 2623509 - for non-commercial use only - registered to ky___@gmail.com
Set parameter OutputFlag to value 1
Gurobi Optimizer version 12.0.1 build v12.0.1rc0 (linux64 - "Ubuntu 20.04.6 LTS")

CPU model: AMD Ryzen 5 PRO 5675U with Radeon Graphics, instruction set [SSE2|AVX|AVX2]
Thread count: 6 physical cores, 12 logical processors, using up to 12 threads

Academic license 2623509 - for non-commercial use only - registered to ky___@gmail.com
Optimize a model with 26 rows, 847 columns and 3990 nonzeros
Model fingerprint: 0x1aab3e6f
Variable types: 0 continuous, 847 integer (847 binary)
Coefficient statistics:
  Matrix range     [1e+00, 1e+00]
  Objective range  [0e+00, 0e+00]
  Bounds range     [1e+00, 1e+00]
  RHS range        [1e+00, 2e+01]
Presolve time: 0.00s

Explored 0 nodes (0 simplex iterations) in 0.00 seconds (0.00 work units)
Thread count was 1 (of 12 available processors)

Solution count 0

Model is infeasible
Best objective -, best bound -, gap -

Gurobi 12.0.1 (linux64, C++) logging started Thu Mar 20 14:02:13 2025

Set parameter WLSAccessID
Set parameter WLSSecret
Set parameter LicenseID to value 2623509
Set parameter LogFile to value "Thm3Model.log"
Academic license 2623509 - for non-commercial use only - registered to ky___@gmail.com
Set parameter OutputFlag to value 1
Gurobi Optimizer version 12.0.1 build v12.0.1rc0 (linux64 - "Ubuntu 20.04.6 LTS")

CPU model: AMD Ryzen 5 PRO 5675U with Radeon Graphics, instruction set [SSE2|AVX|AVX2]
Thread count: 6 physical cores, 12 logical processors, using up to 12 threads

Academic license 2623509 - for non-commercial use only - registered to ky___@gmail.com
Optimize a model with 26 rows, 847 columns and 3990 nonzeros
Model fingerprint: 0x1aab3e6f
Variable types: 0 continuous, 847 integer (847 binary)
Coefficient statistics:
  Matrix range     [1e+00, 1e+00]
  Objective range  [0e+00, 0e+00]
  Bounds range     [1e+00, 1e+00]
  RHS range        [1e+00, 2e+01]
Presolve time: 0.00s

Explored 0 nodes (0 simplex iterations) in 0.00 seconds (0.00 work units)
Thread count was 1 (of 12 available processors)

Solution count 0

Model is infeasible
Best objective -, best bound -, gap -

Gurobi 12.0.1 (linux64, C++) logging started Thu Mar 20 14:07:42 2025

Set parameter WLSAccessID
Set parameter WLSSecret
Set parameter LicenseID to value 2623509
Set parameter LogFile to value "Thm3Model.log"
Academic license 2623509 - for non-commercial use only - registered to ky___@gmail.com
Set parameter OutputFlag to value 1
Gurobi Optimizer version 12.0.1 build v12.0.1rc0 (linux64 - "Ubuntu 20.04.6 LTS")

CPU model: AMD Ryzen 5 PRO 5675U with Radeon Graphics, instruction set [SSE2|AVX|AVX2]
Thread count: 6 physical cores, 12 logical processors, using up to 12 threads

Academic license 2623509 - for non-commercial use only - registered to ky___@gmail.com
Optimize a model with 26 rows, 847 columns and 3990 nonzeros
Model fingerprint: 0x1aab3e6f
Variable types: 0 continuous, 847 integer (847 binary)
Coefficient statistics:
  Matrix range     [1e+00, 1e+00]
  Objective range  [0e+00, 0e+00]
  Bounds range     [1e+00, 1e+00]
  RHS range        [1e+00, 2e+01]
Presolve time: 0.00s

Explored 0 nodes (0 simplex iterations) in 0.01 seconds (0.00 work units)
Thread count was 1 (of 12 available processors)

Solution count 0

Model is infeasible
Best objective -, best bound -, gap -

Gurobi 12.0.1 (linux64, C++) logging started Thu Mar 20 14:08:03 2025

Set parameter WLSAccessID
Set parameter WLSSecret
Set parameter LicenseID to value 2623509
Set parameter LogFile to value "Thm3Model.log"
Academic license 2623509 - for non-commercial use only - registered to ky___@gmail.com
Set parameter OutputFlag to value 1
Gurobi Optimizer version 12.0.1 build v12.0.1rc0 (linux64 - "Ubuntu 20.04.6 LTS")

CPU model: AMD Ryzen 5 PRO 5675U with Radeon Graphics, instruction set [SSE2|AVX|AVX2]
Thread count: 6 physical cores, 12 logical processors, using up to 12 threads

Academic license 2623509 - for non-commercial use only - registered to ky___@gmail.com
Optimize a model with 26 rows, 847 columns and 3990 nonzeros
Model fingerprint: 0x1aab3e6f
Variable types: 0 continuous, 847 integer (847 binary)
Coefficient statistics:
  Matrix range     [1e+00, 1e+00]
  Objective range  [0e+00, 0e+00]
  Bounds range     [1e+00, 1e+00]
  RHS range        [1e+00, 2e+01]
Presolve time: 0.00s

Explored 0 nodes (0 simplex iterations) in 0.00 seconds (0.00 work units)
Thread count was 1 (of 12 available processors)

Solution count 0

Model is infeasible
Best objective -, best bound -, gap -

Gurobi 12.0.1 (linux64, C++) logging started Thu Mar 20 14:08:23 2025

Set parameter WLSAccessID
Set parameter WLSSecret
Set parameter LicenseID to value 2623509
Set parameter LogFile to value "Thm3Model.log"
Academic license 2623509 - for non-commercial use only - registered to ky___@gmail.com
Set parameter OutputFlag to value 1
Gurobi Optimizer version 12.0.1 build v12.0.1rc0 (linux64 - "Ubuntu 20.04.6 LTS")

CPU model: AMD Ryzen 5 PRO 5675U with Radeon Graphics, instruction set [SSE2|AVX|AVX2]
Thread count: 6 physical cores, 12 logical processors, using up to 12 threads

Academic license 2623509 - for non-commercial use only - registered to ky___@gmail.com
Optimize a model with 26 rows, 847 columns and 3990 nonzeros
Model fingerprint: 0x1aab3e6f
Variable types: 0 continuous, 847 integer (847 binary)
Coefficient statistics:
  Matrix range     [1e+00, 1e+00]
  Objective range  [0e+00, 0e+00]
  Bounds range     [1e+00, 1e+00]
  RHS range        [1e+00, 2e+01]
Presolve time: 0.00s

Explored 0 nodes (0 simplex iterations) in 0.00 seconds (0.00 work units)
Thread count was 1 (of 12 available processors)

Solution count 0

Model is infeasible
Best objective -, best bound -, gap -

Gurobi 12.0.1 (linux64, C++) logging started Thu Mar 20 14:24:36 2025

Set parameter WLSAccessID
Set parameter WLSSecret
Set parameter LicenseID to value 2623509
Set parameter LogFile to value "Thm3Model.log"
Academic license 2623509 - for non-commercial use only - registered to ky___@gmail.com
Set parameter OutputFlag to value 1
Gurobi Optimizer version 12.0.1 build v12.0.1rc0 (linux64 - "Ubuntu 20.04.6 LTS")

CPU model: AMD Ryzen 5 PRO 5675U with Radeon Graphics, instruction set [SSE2|AVX|AVX2]
Thread count: 6 physical cores, 12 logical processors, using up to 12 threads

Academic license 2623509 - for non-commercial use only - registered to ky___@gmail.com
Optimize a model with 26 rows, 653 columns and 2996 nonzeros
Model fingerprint: 0x48e5d744
Variable types: 0 continuous, 653 integer (653 binary)
Coefficient statistics:
  Matrix range     [1e+00, 1e+00]
  Objective range  [0e+00, 0e+00]
  Bounds range     [1e+00, 1e+00]
  RHS range        [1e+00, 2e+01]
Presolve time: 0.01s

Explored 0 nodes (0 simplex iterations) in 0.01 seconds (0.00 work units)
Thread count was 1 (of 12 available processors)

Solution count 0

Model is infeasible
Best objective -, best bound -, gap -

Gurobi 12.0.1 (linux64, C++) logging started Thu Mar 20 14:24:55 2025

Set parameter WLSAccessID
Set parameter WLSSecret
Set parameter LicenseID to value 2623509
Set parameter LogFile to value "Thm3Model.log"
Academic license 2623509 - for non-commercial use only - registered to ky___@gmail.com
Set parameter OutputFlag to value 1
Gurobi Optimizer version 12.0.1 build v12.0.1rc0 (linux64 - "Ubuntu 20.04.6 LTS")

CPU model: AMD Ryzen 5 PRO 5675U with Radeon Graphics, instruction set [SSE2|AVX|AVX2]
Thread count: 6 physical cores, 12 logical processors, using up to 12 threads

Academic license 2623509 - for non-commercial use only - registered to ky___@gmail.com
Optimize a model with 26 rows, 653 columns and 2996 nonzeros
Model fingerprint: 0x48e5d744
Variable types: 0 continuous, 653 integer (653 binary)
Coefficient statistics:
  Matrix range     [1e+00, 1e+00]
  Objective range  [0e+00, 0e+00]
  Bounds range     [1e+00, 1e+00]
  RHS range        [1e+00, 2e+01]
Presolve time: 0.00s

Explored 0 nodes (0 simplex iterations) in 0.00 seconds (0.00 work units)
Thread count was 1 (of 12 available processors)

Solution count 0

Model is infeasible
Best objective -, best bound -, gap -

Gurobi 12.0.1 (linux64, C++) logging started Thu Mar 20 14:25:14 2025

Set parameter WLSAccessID
Set parameter WLSSecret
Set parameter LicenseID to value 2623509
Set parameter LogFile to value "Thm3Model.log"
Academic license 2623509 - for non-commercial use only - registered to ky___@gmail.com
Set parameter OutputFlag to value 1

Gurobi 12.0.1 (linux64, C++) logging started Thu Mar 20 14:25:55 2025

Set parameter WLSAccessID
Set parameter WLSSecret
Set parameter LicenseID to value 2623509
Set parameter LogFile to value "Thm3Model.log"
Academic license 2623509 - for non-commercial use only - registered to ky___@gmail.com
Set parameter OutputFlag to value 1
Gurobi Optimizer version 12.0.1 build v12.0.1rc0 (linux64 - "Ubuntu 20.04.6 LTS")

CPU model: AMD Ryzen 5 PRO 5675U with Radeon Graphics, instruction set [SSE2|AVX|AVX2]
Thread count: 6 physical cores, 12 logical processors, using up to 12 threads

Academic license 2623509 - for non-commercial use only - registered to ky___@gmail.com
Optimize a model with 26 rows, 59 columns and 220 nonzeros
Model fingerprint: 0xfb671a0c
Variable types: 0 continuous, 59 integer (59 binary)
Coefficient statistics:
  Matrix range     [1e+00, 1e+00]
  Objective range  [0e+00, 0e+00]
  Bounds range     [1e+00, 1e+00]
  RHS range        [1e+00, 2e+01]
Presolve time: 0.00s

Explored 0 nodes (0 simplex iterations) in 0.00 seconds (0.00 work units)
Thread count was 1 (of 12 available processors)

Solution count 0

Model is infeasible
Best objective -, best bound -, gap -

Gurobi 12.0.1 (linux64, C++) logging started Thu Mar 20 14:25:55 2025

Set parameter WLSAccessID
Set parameter WLSSecret
Set parameter LicenseID to value 2623509
Set parameter LogFile to value "Thm3Model.log"
Academic license 2623509 - for non-commercial use only - registered to ky___@gmail.com
Set parameter OutputFlag to value 1
Gurobi Optimizer version 12.0.1 build v12.0.1rc0 (linux64 - "Ubuntu 20.04.6 LTS")

CPU model: AMD Ryzen 5 PRO 5675U with Radeon Graphics, instruction set [SSE2|AVX|AVX2]
Thread count: 6 physical cores, 12 logical processors, using up to 12 threads

Academic license 2623509 - for non-commercial use only - registered to ky___@gmail.com
Optimize a model with 26 rows, 59 columns and 220 nonzeros
Model fingerprint: 0xfb671a0c
Variable types: 0 continuous, 59 integer (59 binary)
Coefficient statistics:
  Matrix range     [1e+00, 1e+00]
  Objective range  [0e+00, 0e+00]
  Bounds range     [1e+00, 1e+00]
  RHS range        [1e+00, 2e+01]
Presolve time: 0.00s

Explored 0 nodes (0 simplex iterations) in 0.00 seconds (0.00 work units)
Thread count was 1 (of 12 available processors)

Solution count 0

Model is infeasible
Best objective -, best bound -, gap -

Gurobi 12.0.1 (linux64, C++) logging started Thu Mar 20 14:25:55 2025

Set parameter WLSAccessID
Set parameter WLSSecret
Set parameter LicenseID to value 2623509
Set parameter LogFile to value "Thm3Model.log"
Academic license 2623509 - for non-commercial use only - registered to ky___@gmail.com
Set parameter OutputFlag to value 1
Gurobi Optimizer version 12.0.1 build v12.0.1rc0 (linux64 - "Ubuntu 20.04.6 LTS")

CPU model: AMD Ryzen 5 PRO 5675U with Radeon Graphics, instruction set [SSE2|AVX|AVX2]
Thread count: 6 physical cores, 12 logical processors, using up to 12 threads

Academic license 2623509 - for non-commercial use only - registered to ky___@gmail.com
Optimize a model with 26 rows, 59 columns and 220 nonzeros
Model fingerprint: 0xfb671a0c
Variable types: 0 continuous, 59 integer (59 binary)
Coefficient statistics:
  Matrix range     [1e+00, 1e+00]
  Objective range  [0e+00, 0e+00]
  Bounds range     [1e+00, 1e+00]
  RHS range        [1e+00, 2e+01]
Presolve time: 0.00s

Explored 0 nodes (0 simplex iterations) in 0.00 seconds (0.00 work units)
Thread count was 1 (of 12 available processors)

Solution count 0

Model is infeasible
Best objective -, best bound -, gap -

Gurobi 12.0.1 (linux64, C++) logging started Thu Mar 20 14:31:49 2025

Set parameter WLSAccessID
Set parameter WLSSecret
Set parameter LicenseID to value 2623509
Set parameter LogFile to value "Thm3Model.log"
Academic license 2623509 - for non-commercial use only - registered to ky___@gmail.com
Set parameter OutputFlag to value 1
Gurobi Optimizer version 12.0.1 build v12.0.1rc0 (linux64 - "Ubuntu 20.04.6 LTS")

CPU model: AMD Ryzen 5 PRO 5675U with Radeon Graphics, instruction set [SSE2|AVX|AVX2]
Thread count: 6 physical cores, 12 logical processors, using up to 12 threads

Academic license 2623509 - for non-commercial use only - registered to ky___@gmail.com
Optimize a model with 26 rows, 59 columns and 220 nonzeros
Model fingerprint: 0xfb671a0c
Variable types: 0 continuous, 59 integer (59 binary)
Coefficient statistics:
  Matrix range     [1e+00, 1e+00]
  Objective range  [0e+00, 0e+00]
  Bounds range     [1e+00, 1e+00]
  RHS range        [1e+00, 2e+01]
Presolve time: 0.00s

Explored 0 nodes (0 simplex iterations) in 0.01 seconds (0.00 work units)
Thread count was 1 (of 12 available processors)

Solution count 0

Model is infeasible
Best objective -, best bound -, gap -

Gurobi 12.0.1 (linux64, C++) logging started Thu Mar 20 14:31:50 2025

Set parameter WLSAccessID
Set parameter WLSSecret
Set parameter LicenseID to value 2623509
Set parameter LogFile to value "Thm3Model.log"
Academic license 2623509 - for non-commercial use only - registered to ky___@gmail.com
Set parameter OutputFlag to value 1
Gurobi Optimizer version 12.0.1 build v12.0.1rc0 (linux64 - "Ubuntu 20.04.6 LTS")

CPU model: AMD Ryzen 5 PRO 5675U with Radeon Graphics, instruction set [SSE2|AVX|AVX2]
Thread count: 6 physical cores, 12 logical processors, using up to 12 threads

Academic license 2623509 - for non-commercial use only - registered to ky___@gmail.com
Optimize a model with 26 rows, 59 columns and 220 nonzeros
Model fingerprint: 0xfb671a0c
Variable types: 0 continuous, 59 integer (59 binary)
Coefficient statistics:
  Matrix range     [1e+00, 1e+00]
  Objective range  [0e+00, 0e+00]
  Bounds range     [1e+00, 1e+00]
  RHS range        [1e+00, 2e+01]
Presolve time: 0.00s

Explored 0 nodes (0 simplex iterations) in 0.00 seconds (0.00 work units)
Thread count was 1 (of 12 available processors)

Solution count 0

Model is infeasible
Best objective -, best bound -, gap -

Gurobi 12.0.1 (linux64, C++) logging started Thu Mar 20 14:31:50 2025

Set parameter WLSAccessID
Set parameter WLSSecret
Set parameter LicenseID to value 2623509
Set parameter LogFile to value "Thm3Model.log"
Academic license 2623509 - for non-commercial use only - registered to ky___@gmail.com
Set parameter OutputFlag to value 1
Gurobi Optimizer version 12.0.1 build v12.0.1rc0 (linux64 - "Ubuntu 20.04.6 LTS")

CPU model: AMD Ryzen 5 PRO 5675U with Radeon Graphics, instruction set [SSE2|AVX|AVX2]
Thread count: 6 physical cores, 12 logical processors, using up to 12 threads

Academic license 2623509 - for non-commercial use only - registered to ky___@gmail.com
Optimize a model with 26 rows, 59 columns and 220 nonzeros
Model fingerprint: 0xfb671a0c
Variable types: 0 continuous, 59 integer (59 binary)
Coefficient statistics:
  Matrix range     [1e+00, 1e+00]
  Objective range  [0e+00, 0e+00]
  Bounds range     [1e+00, 1e+00]
  RHS range        [1e+00, 2e+01]
Presolve time: 0.00s

Explored 0 nodes (0 simplex iterations) in 0.00 seconds (0.00 work units)
Thread count was 1 (of 12 available processors)

Solution count 0

Model is infeasible
Best objective -, best bound -, gap -

Gurobi 12.0.1 (linux64, C++) logging started Thu Mar 20 14:32:34 2025

Set parameter WLSAccessID
Set parameter WLSSecret
Set parameter LicenseID to value 2623509
Set parameter LogFile to value "Thm3Model.log"
Academic license 2623509 - for non-commercial use only - registered to ky___@gmail.com
Set parameter OutputFlag to value 1
Gurobi Optimizer version 12.0.1 build v12.0.1rc0 (linux64 - "Ubuntu 20.04.6 LTS")

CPU model: AMD Ryzen 5 PRO 5675U with Radeon Graphics, instruction set [SSE2|AVX|AVX2]
Thread count: 6 physical cores, 12 logical processors, using up to 12 threads

Academic license 2623509 - for non-commercial use only - registered to ky___@gmail.com
Optimize a model with 26 rows, 59 columns and 220 nonzeros
Model fingerprint: 0xfb671a0c
Variable types: 0 continuous, 59 integer (59 binary)
Coefficient statistics:
  Matrix range     [1e+00, 1e+00]
  Objective range  [0e+00, 0e+00]
  Bounds range     [1e+00, 1e+00]
  RHS range        [1e+00, 2e+01]
Presolve time: 0.00s

Explored 0 nodes (0 simplex iterations) in 0.00 seconds (0.00 work units)
Thread count was 1 (of 12 available processors)

Solution count 0

Model is infeasible
Best objective -, best bound -, gap -

Gurobi 12.0.1 (linux64, C++) logging started Thu Mar 20 14:32:34 2025

Set parameter WLSAccessID
Set parameter WLSSecret
Set parameter LicenseID to value 2623509
Set parameter LogFile to value "Thm3Model.log"
Academic license 2623509 - for non-commercial use only - registered to ky___@gmail.com
Set parameter OutputFlag to value 1
Gurobi Optimizer version 12.0.1 build v12.0.1rc0 (linux64 - "Ubuntu 20.04.6 LTS")

CPU model: AMD Ryzen 5 PRO 5675U with Radeon Graphics, instruction set [SSE2|AVX|AVX2]
Thread count: 6 physical cores, 12 logical processors, using up to 12 threads

Academic license 2623509 - for non-commercial use only - registered to ky___@gmail.com
Optimize a model with 26 rows, 59 columns and 220 nonzeros
Model fingerprint: 0xfb671a0c
Variable types: 0 continuous, 59 integer (59 binary)
Coefficient statistics:
  Matrix range     [1e+00, 1e+00]
  Objective range  [0e+00, 0e+00]
  Bounds range     [1e+00, 1e+00]
  RHS range        [1e+00, 2e+01]
Presolve time: 0.00s

Explored 0 nodes (0 simplex iterations) in 0.00 seconds (0.00 work units)
Thread count was 1 (of 12 available processors)

Solution count 0

Model is infeasible
Best objective -, best bound -, gap -

Gurobi 12.0.1 (linux64, C++) logging started Thu Mar 20 14:32:34 2025

Set parameter WLSAccessID
Set parameter WLSSecret
Set parameter LicenseID to value 2623509
Set parameter LogFile to value "Thm3Model.log"
Academic license 2623509 - for non-commercial use only - registered to ky___@gmail.com
Set parameter OutputFlag to value 1
Gurobi Optimizer version 12.0.1 build v12.0.1rc0 (linux64 - "Ubuntu 20.04.6 LTS")

CPU model: AMD Ryzen 5 PRO 5675U with Radeon Graphics, instruction set [SSE2|AVX|AVX2]
Thread count: 6 physical cores, 12 logical processors, using up to 12 threads

Academic license 2623509 - for non-commercial use only - registered to ky___@gmail.com
Optimize a model with 26 rows, 59 columns and 220 nonzeros
Model fingerprint: 0xfb671a0c
Variable types: 0 continuous, 59 integer (59 binary)
Coefficient statistics:
  Matrix range     [1e+00, 1e+00]
  Objective range  [0e+00, 0e+00]
  Bounds range     [1e+00, 1e+00]
  RHS range        [1e+00, 2e+01]
Presolve time: 0.00s

Explored 0 nodes (0 simplex iterations) in 0.00 seconds (0.00 work units)
Thread count was 1 (of 12 available processors)

Solution count 0

Model is infeasible
Best objective -, best bound -, gap -

Gurobi 12.0.1 (linux64, C++) logging started Thu Mar 20 14:36:00 2025

Set parameter WLSAccessID
Set parameter WLSSecret
Set parameter LicenseID to value 2623509
Set parameter LogFile to value "Thm3Model.log"
Academic license 2623509 - for non-commercial use only - registered to ky___@gmail.com
Set parameter OutputFlag to value 1
Gurobi Optimizer version 12.0.1 build v12.0.1rc0 (linux64 - "Ubuntu 20.04.6 LTS")

CPU model: AMD Ryzen 5 PRO 5675U with Radeon Graphics, instruction set [SSE2|AVX|AVX2]
Thread count: 6 physical cores, 12 logical processors, using up to 12 threads

Academic license 2623509 - for non-commercial use only - registered to ky___@gmail.com
Optimize a model with 26 rows, 59 columns and 220 nonzeros
Model fingerprint: 0xfb671a0c
Variable types: 0 continuous, 59 integer (59 binary)
Coefficient statistics:
  Matrix range     [1e+00, 1e+00]
  Objective range  [0e+00, 0e+00]
  Bounds range     [1e+00, 1e+00]
  RHS range        [1e+00, 2e+01]
Presolve time: 0.00s

Explored 0 nodes (0 simplex iterations) in 0.01 seconds (0.00 work units)
Thread count was 1 (of 12 available processors)

Solution count 0

Model is infeasible
Best objective -, best bound -, gap -

Gurobi 12.0.1 (linux64, C++) logging started Thu Mar 20 14:36:00 2025

Set parameter WLSAccessID
Set parameter WLSSecret
Set parameter LicenseID to value 2623509
Set parameter LogFile to value "Thm3Model.log"
Academic license 2623509 - for non-commercial use only - registered to ky___@gmail.com
Set parameter OutputFlag to value 1
Gurobi Optimizer version 12.0.1 build v12.0.1rc0 (linux64 - "Ubuntu 20.04.6 LTS")

CPU model: AMD Ryzen 5 PRO 5675U with Radeon Graphics, instruction set [SSE2|AVX|AVX2]
Thread count: 6 physical cores, 12 logical processors, using up to 12 threads

Academic license 2623509 - for non-commercial use only - registered to ky___@gmail.com
Optimize a model with 26 rows, 59 columns and 220 nonzeros
Model fingerprint: 0xfb671a0c
Variable types: 0 continuous, 59 integer (59 binary)
Coefficient statistics:
  Matrix range     [1e+00, 1e+00]
  Objective range  [0e+00, 0e+00]
  Bounds range     [1e+00, 1e+00]
  RHS range        [1e+00, 2e+01]
Presolve time: 0.00s

Explored 0 nodes (0 simplex iterations) in 0.00 seconds (0.00 work units)
Thread count was 1 (of 12 available processors)

Solution count 0

Model is infeasible
Best objective -, best bound -, gap -

Gurobi 12.0.1 (linux64, C++) logging started Thu Mar 20 14:36:00 2025

Set parameter WLSAccessID
Set parameter WLSSecret
Set parameter LicenseID to value 2623509
Set parameter LogFile to value "Thm3Model.log"
Academic license 2623509 - for non-commercial use only - registered to ky___@gmail.com
Set parameter OutputFlag to value 1
Gurobi Optimizer version 12.0.1 build v12.0.1rc0 (linux64 - "Ubuntu 20.04.6 LTS")

CPU model: AMD Ryzen 5 PRO 5675U with Radeon Graphics, instruction set [SSE2|AVX|AVX2]
Thread count: 6 physical cores, 12 logical processors, using up to 12 threads

Academic license 2623509 - for non-commercial use only - registered to ky___@gmail.com
Optimize a model with 26 rows, 59 columns and 220 nonzeros
Model fingerprint: 0xfb671a0c
Variable types: 0 continuous, 59 integer (59 binary)
Coefficient statistics:
  Matrix range     [1e+00, 1e+00]
  Objective range  [0e+00, 0e+00]
  Bounds range     [1e+00, 1e+00]
  RHS range        [1e+00, 2e+01]
Presolve time: 0.00s

Explored 0 nodes (0 simplex iterations) in 0.00 seconds (0.00 work units)
Thread count was 1 (of 12 available processors)

Solution count 0

Model is infeasible
Best objective -, best bound -, gap -

Gurobi 12.0.1 (linux64, C++) logging started Thu Mar 20 14:41:36 2025

Set parameter WLSAccessID
Set parameter WLSSecret
Set parameter LicenseID to value 2623509
Set parameter LogFile to value "Thm3Model.log"
Academic license 2623509 - for non-commercial use only - registered to ky___@gmail.com
Set parameter OutputFlag to value 1
Gurobi Optimizer version 12.0.1 build v12.0.1rc0 (linux64 - "Ubuntu 20.04.6 LTS")

CPU model: AMD Ryzen 5 PRO 5675U with Radeon Graphics, instruction set [SSE2|AVX|AVX2]
Thread count: 6 physical cores, 12 logical processors, using up to 12 threads

Academic license 2623509 - for non-commercial use only - registered to ky___@gmail.com
Optimize a model with 26 rows, 59 columns and 220 nonzeros
Model fingerprint: 0xfb671a0c
Variable types: 0 continuous, 59 integer (59 binary)
Coefficient statistics:
  Matrix range     [1e+00, 1e+00]
  Objective range  [0e+00, 0e+00]
  Bounds range     [1e+00, 1e+00]
  RHS range        [1e+00, 2e+01]
Presolve time: 0.00s

Explored 0 nodes (0 simplex iterations) in 0.01 seconds (0.00 work units)
Thread count was 1 (of 12 available processors)

Solution count 0

Model is infeasible
Best objective -, best bound -, gap -

Gurobi 12.0.1 (linux64, C++) logging started Thu Mar 20 14:41:36 2025

Set parameter WLSAccessID
Set parameter WLSSecret
Set parameter LicenseID to value 2623509
Set parameter LogFile to value "Thm3Model.log"
Academic license 2623509 - for non-commercial use only - registered to ky___@gmail.com
Set parameter OutputFlag to value 1
Gurobi Optimizer version 12.0.1 build v12.0.1rc0 (linux64 - "Ubuntu 20.04.6 LTS")

CPU model: AMD Ryzen 5 PRO 5675U with Radeon Graphics, instruction set [SSE2|AVX|AVX2]
Thread count: 6 physical cores, 12 logical processors, using up to 12 threads

Academic license 2623509 - for non-commercial use only - registered to ky___@gmail.com
Optimize a model with 26 rows, 59 columns and 220 nonzeros
Model fingerprint: 0xfb671a0c
Variable types: 0 continuous, 59 integer (59 binary)
Coefficient statistics:
  Matrix range     [1e+00, 1e+00]
  Objective range  [0e+00, 0e+00]
  Bounds range     [1e+00, 1e+00]
  RHS range        [1e+00, 2e+01]
Presolve time: 0.00s

Explored 0 nodes (0 simplex iterations) in 0.00 seconds (0.00 work units)
Thread count was 1 (of 12 available processors)

Solution count 0

Model is infeasible
Best objective -, best bound -, gap -

Gurobi 12.0.1 (linux64, C++) logging started Thu Mar 20 14:41:36 2025

Set parameter WLSAccessID
Set parameter WLSSecret
Set parameter LicenseID to value 2623509
Set parameter LogFile to value "Thm3Model.log"
Academic license 2623509 - for non-commercial use only - registered to ky___@gmail.com
Set parameter OutputFlag to value 1
Gurobi Optimizer version 12.0.1 build v12.0.1rc0 (linux64 - "Ubuntu 20.04.6 LTS")

CPU model: AMD Ryzen 5 PRO 5675U with Radeon Graphics, instruction set [SSE2|AVX|AVX2]
Thread count: 6 physical cores, 12 logical processors, using up to 12 threads

Academic license 2623509 - for non-commercial use only - registered to ky___@gmail.com
Optimize a model with 26 rows, 59 columns and 220 nonzeros
Model fingerprint: 0xfb671a0c
Variable types: 0 continuous, 59 integer (59 binary)
Coefficient statistics:
  Matrix range     [1e+00, 1e+00]
  Objective range  [0e+00, 0e+00]
  Bounds range     [1e+00, 1e+00]
  RHS range        [1e+00, 2e+01]
Presolve time: 0.00s

Explored 0 nodes (0 simplex iterations) in 0.00 seconds (0.00 work units)
Thread count was 1 (of 12 available processors)

Solution count 0

Model is infeasible
Best objective -, best bound -, gap -
